Determining if the pthread_create exist failed with the following output:
Change Dir: /home/pf/rosWS/build/CMakeFiles/CMakeTmp

Run Build Command:/usr/bin/make "cmTryCompileExec1749699997/fast"
/usr/bin/make -f CMakeFiles/cmTryCompileExec1749699997.dir/build.make CMakeFiles/cmTryCompileExec1749699997.dir/build
make[1]: 正在进入目录 `/home/pf/rosWS/build/CMakeFiles/CMakeTmp'
/usr/bin/cmake -E cmake_progress_report /home/pf/rosWS/build/CMakeFiles/CMakeTmp/CMakeFiles 1
Building C object CMakeFiles/cmTryCompileExec1749699997.dir/CheckSymbolExists.c.o
/usr/bin/cc    -o CMakeFiles/cmTryCompileExec1749699997.dir/CheckSymbolExists.c.o   -c /home/pf/rosWS/build/CMakeFiles/CMakeTmp/CheckSymbolExists.c
Linking C executable cmTryCompileExec1749699997
/usr/bin/cmake -E cmake_link_script CMakeFiles/cmTryCompileExec1749699997.dir/link.txt --verbose=1
/usr/bin/cc       CMakeFiles/cmTryCompileExec1749699997.dir/CheckSymbolExists.c.o  -o cmTryCompileExec1749699997 -rdynamic 
CMakeFiles/cmTryCompileExec1749699997.dir/CheckSymbolExists.c.o：在函数‘main’中：
CheckSymbolExists.c:(.text+0x16)：对‘pthread_create’未定义的引用
collect2: error: ld returned 1 exit status
make[1]:正在离开目录 `/home/pf/rosWS/build/CMakeFiles/CMakeTmp'
make[1]: *** [cmTryCompileExec1749699997] 错误 1
make: *** [cmTryCompileExec1749699997/fast] 错误 2

File /home/pf/rosWS/build/CMakeFiles/CMakeTmp/CheckSymbolExists.c:
/* */
#include <pthread.h>

int main(int argc, char** argv)
{
  (void)argv;
#ifndef pthread_create
  return ((int*)(&pthread_create))[argc];
#else
  (void)argc;
  return 0;
#endif
}

Determining if the function pthread_create exists in the pthreads failed with the following output:
Change Dir: /home/pf/rosWS/build/CMakeFiles/CMakeTmp

Run Build Command:/usr/bin/make "cmTryCompileExec27524786/fast"
/usr/bin/make -f CMakeFiles/cmTryCompileExec27524786.dir/build.make CMakeFiles/cmTryCompileExec27524786.dir/build
make[1]: 正在进入目录 `/home/pf/rosWS/build/CMakeFiles/CMakeTmp'
/usr/bin/cmake -E cmake_progress_report /home/pf/rosWS/build/CMakeFiles/CMakeTmp/CMakeFiles 1
Building C object CMakeFiles/cmTryCompileExec27524786.dir/CheckFunctionExists.c.o
/usr/bin/cc   -DCHECK_FUNCTION_EXISTS=pthread_create   -o CMakeFiles/cmTryCompileExec27524786.dir/CheckFunctionExists.c.o   -c /usr/share/cmake-2.8/Modules/CheckFunctionExists.c
Linking C executable cmTryCompileExec27524786
/usr/bin/cmake -E cmake_link_script CMakeFiles/cmTryCompileExec27524786.dir/link.txt --verbose=1
/usr/bin/cc   -DCHECK_FUNCTION_EXISTS=pthread_create    CMakeFiles/cmTryCompileExec27524786.dir/CheckFunctionExists.c.o  -o cmTryCompileExec27524786 -rdynamic -lpthreads 
/usr/bin/ld: 找不到 -lpthreads
collect2: error: ld returned 1 exit status
make[1]:正在离开目录 `/home/pf/rosWS/build/CMakeFiles/CMakeTmp'
make[1]: *** [cmTryCompileExec27524786] 错误 1
make: *** [cmTryCompileExec27524786/fast] 错误 2


Determining if the include file pgm.h exists failed with the following output:
Change Dir: /home/pf/rosWS/build/CMakeFiles/CMakeTmp

Run Build Command:/usr/bin/make "cmTryCompileExec4190732405/fast"
/usr/bin/make -f CMakeFiles/cmTryCompileExec4190732405.dir/build.make CMakeFiles/cmTryCompileExec4190732405.dir/build
make[1]: Entering directory `/home/pf/rosWS/build/CMakeFiles/CMakeTmp'
/usr/bin/cmake -E cmake_progress_report /home/pf/rosWS/build/CMakeFiles/CMakeTmp/CMakeFiles 1
Building CXX object CMakeFiles/cmTryCompileExec4190732405.dir/CheckIncludeFile.cxx.o
/usr/bin/c++    -Wno-deprecated    -o CMakeFiles/cmTryCompileExec4190732405.dir/CheckIncludeFile.cxx.o -c /home/pf/rosWS/build/CMakeFiles/CMakeTmp/CheckIncludeFile.cxx
/home/pf/rosWS/build/CMakeFiles/CMakeTmp/CheckIncludeFile.cxx:1:17: fatal error: pgm.h: No such file or directory
 #include <pgm.h>
                 ^
compilation terminated.
make[1]: Leaving directory `/home/pf/rosWS/build/CMakeFiles/CMakeTmp'
make[1]: *** [CMakeFiles/cmTryCompileExec4190732405.dir/CheckIncludeFile.cxx.o] Error 1
make: *** [cmTryCompileExec4190732405/fast] Error 2


